<?xml version="1.0" encoding="UTF-8"?>
<!-- Generated by org.testng.reporters.JUnitXMLReporter -->
<testsuite ignored="0" hostname="DESKTOP-A111KJ9" failures="0" tests="2" name="Default test" time="4.837" errors="0" timestamp="07 Nov 2021 14:31:35 GMT">
  <testcase classname="com.testng.class01.SauceLoginTest" name="verifyUserCanAbleToLogin" time="0.404"/>
  <testcase classname="com.testng.class01.SauceLoginTest" name="verifyUserCannotDoLoginWithInvalidCred" time="0.249"/>
</testsuite> <!-- Default test -->
