<?xml version="1.0" encoding="UTF-8"?>
<testng-results ignored="0" total="2" passed="2" failed="0" skipped="0">
  <reporter-output>
  </reporter-output>
  <suite started-at="2021-11-07T14:31:30Z" name="Default suite" finished-at="2021-11-07T14:31:35Z" duration-ms="4837">
    <groups>
      <group name="Regression">
        <method signature="SauceLoginTest.verifyUserCanAbleToLogin()[pri:0, instance:com.testng.class01.SauceLoginTest@73eb439a]" name="verifyUserCanAbleToLogin" class="com.testng.class01.SauceLoginTest"/>
        <method signature="SauceLoginTest.verifyUserCannotDoLoginWithInvalidCred()[pri:0, instance:com.testng.class01.SauceLoginTest@73eb439a]" name="verifyUserCannotDoLoginWithInvalidCred" class="com.testng.class01.SauceLoginTest"/>
      </group> <!-- Regression -->
      <group name="Login">
        <method signature="SauceLoginTest.verifyUserCanAbleToLogin()[pri:0, instance:com.testng.class01.SauceLoginTest@73eb439a]" name="verifyUserCanAbleToLogin" class="com.testng.class01.SauceLoginTest"/>
        <method signature="SauceLoginTest.verifyUserCannotDoLoginWithInvalidCred()[pri:0, instance:com.testng.class01.SauceLoginTest@73eb439a]" name="verifyUserCannotDoLoginWithInvalidCred" class="com.testng.class01.SauceLoginTest"/>
      </group> <!-- Login -->
      <group name="Umed">
        <method signature="SauceLoginTest.verifyUserCannotDoLoginWithInvalidCred()[pri:0, instance:com.testng.class01.SauceLoginTest@73eb439a]" name="verifyUserCannotDoLoginWithInvalidCred" class="com.testng.class01.SauceLoginTest"/>
      </group> <!-- Umed -->
    </groups>
    <test started-at="2021-11-07T14:31:30Z" name="Default test" finished-at="2021-11-07T14:31:35Z" duration-ms="4837">
      <class name="com.testng.class01.SauceLoginTest">
        <test-method is-config="true" signature="setUp()[pri:0, instance:com.testng.class01.SauceLoginTest@73eb439a]" started-at="2021-11-07T14:31:30Z" name="setUp" finished-at="2021-11-07T14:31:32Z" duration-ms="2348" status="PASS">
          <reporter-output>
          </reporter-output>
        </test-method> <!-- setUp -->
        <test-method signature="verifyUserCanAbleToLogin()[pri:0, instance:com.testng.class01.SauceLoginTest@73eb439a]" started-at="2021-11-07T14:31:32Z" name="verifyUserCanAbleToLogin" finished-at="2021-11-07T14:31:33Z" duration-ms="404" status="PASS">
          <reporter-output>
          </reporter-output>
        </test-method> <!-- verifyUserCanAbleToLogin -->
        <test-method is-config="true" signature="cleanUp()[pri:0, instance:com.testng.class01.SauceLoginTest@73eb439a]" started-at="2021-11-07T14:31:33Z" name="cleanUp" finished-at="2021-11-07T14:31:33Z" duration-ms="99" status="PASS">
          <reporter-output>
          </reporter-output>
        </test-method> <!-- cleanUp -->
        <test-method is-config="true" signature="setUp()[pri:0, instance:com.testng.class01.SauceLoginTest@73eb439a]" started-at="2021-11-07T14:31:33Z" name="setUp" finished-at="2021-11-07T14:31:34Z" duration-ms="1646" status="PASS">
          <reporter-output>
          </reporter-output>
        </test-method> <!-- setUp -->
        <test-method signature="verifyUserCannotDoLoginWithInvalidCred()[pri:0, instance:com.testng.class01.SauceLoginTest@73eb439a]" started-at="2021-11-07T14:31:34Z" name="verifyUserCannotDoLoginWithInvalidCred" finished-at="2021-11-07T14:31:35Z" duration-ms="249" status="PASS">
          <reporter-output>
          </reporter-output>
        </test-method> <!-- verifyUserCannotDoLoginWithInvalidCred -->
        <test-method is-config="true" signature="cleanUp()[pri:0, instance:com.testng.class01.SauceLoginTest@73eb439a]" started-at="2021-11-07T14:31:35Z" name="cleanUp" finished-at="2021-11-07T14:31:35Z" duration-ms="70" status="PASS">
          <reporter-output>
          </reporter-output>
        </test-method> <!-- cleanUp -->
      </class> <!-- com.testng.class01.SauceLoginTest -->
    </test> <!-- Default test -->
  </suite> <!-- Default suite -->
</testng-results>
